<?xml version="1.0" encoding="UTF-8"?>
<!-- Generated by org.testng.reporters.JUnitReportReporter -->
<testsuite hostname="ROSE-JACOB" failures="0" tests="1" name="Testng.Radiobutton" time="11.051" errors="0" timestamp="2022-04-20T14:41:16 IST" skipped="0">
  <testcase classname="Testng.Radiobutton" name="f" time="11.051"/>
  <system-out/>
</testsuite> <!-- Testng.Radiobutton -->
