<?xml version="1.0" encoding="UTF-8"?>
<!-- Generated by org.testng.reporters.JUnitReportReporter -->
<testsuite hostname="ROSE-JACOB" failures="0" tests="2" name="Testng.Alert" time="14.692" errors="0" timestamp="2022-04-16T17:22:08 IST" skipped="1">
  <testcase classname="Testng.Alert" name="test2" time="14.692"/>
  <system-out/>
  <testcase classname="Testng.Alert" name="f">
    <skipped/>
  </testcase> <!-- f -->
  <system-out/>
</testsuite> <!-- Testng.Alert -->
