<?xml version="1.0" encoding="UTF-8"?>
<!-- Generated by org.testng.reporters.JUnitReportReporter -->
<testsuite hostname="ROSE-JACOB" failures="0" tests="1" name="Testng.Popup" time="6.690" errors="0" timestamp="2022-05-04T16:44:57 IST" skipped="0">
  <testcase classname="Testng.Popup" name="f" time="6.690"/>
  <system-out/>
</testsuite> <!-- Testng.Popup -->
