<?xml version="1.0" encoding="UTF-8"?>
<!-- Generated by org.testng.reporters.JUnitReportReporter -->
<testsuite hostname="ROSE-JACOB" failures="0" tests="2" name="Testng.Dropdown" time="15.730" errors="0" timestamp="2022-04-18T07:58:07 IST" skipped="0">
  <testcase classname="Testng.Dropdown" name="dropdown" time="11.278"/>
  <system-out/>
  <testcase classname="Testng.Dropdown" name="multidropdown" time="4.452"/>
  <system-out/>
</testsuite> <!-- Testng.Dropdown -->
