<?xml version="1.0" encoding="UTF-8"?>
<!-- Generated by org.testng.reporters.JUnitReportReporter -->
<testsuite hostname="ROSE-JACOB" failures="0" tests="3" name="Testng.url_verify" time="17.312" errors="0" timestamp="2022-04-26T13:49:39 IST" skipped="0">
  <testcase classname="Testng.url_verify" name="urlverification" time="0.037"/>
  <system-out/>
  <testcase classname="Testng.url_verify" name="showmsg" time="10.804"/>
  <system-out/>
  <testcase classname="Testng.url_verify" name="addition" time="6.471"/>
  <system-out/>
</testsuite> <!-- Testng.url_verify -->
