<?xml version="1.0" encoding="UTF-8"?>
<!-- Generated by org.testng.reporters.JUnitReportReporter -->
<testsuite hostname="ROSE-JACOB" failures="0" tests="2" name="Testng.Actionstestcase" time="60.694" errors="0" timestamp="2022-04-20T15:14:57 IST" skipped="1">
  <testcase classname="Testng.Actionstestcase" name="dragdrop" time="60.694"/>
  <system-out/>
  <testcase classname="Testng.Actionstestcase" name="f">
    <skipped/>
  </testcase> <!-- f -->
  <system-out/>
</testsuite> <!-- Testng.Actionstestcase -->
