<?xml version="1.0" encoding="UTF-8"?>
<!-- Generated by org.testng.reporters.JUnitReportReporter -->
<testsuite hostname="ROSE-JACOB" failures="0" tests="5" name="Testng.url_verify" time="23.348" errors="0" timestamp="2022-05-05T08:02:09 IST" skipped="1">
  <testcase classname="Testng.url_verify" name="urlverification" time="0.049"/>
  <system-out/>
  <testcase classname="Testng.url_verify" name="showmsg" time="7.570"/>
  <system-out/>
  <testcase classname="Testng.url_verify" name="showmsg" time="7.831"/>
  <system-out/>
  <testcase classname="Testng.url_verify" name="showmsg" time="7.898"/>
  <system-out/>
  <testcase classname="Testng.url_verify" name="addition">
    <skipped/>
  </testcase> <!-- addition -->
  <system-out/>
</testsuite> <!-- Testng.url_verify -->
