<?xml version="1.0" encoding="UTF-8"?>
<!-- Generated by org.testng.reporters.JUnitReportReporter -->
<testsuite hostname="ROSE-JACOB" failures="0" tests="1" name="Testng.Frames" time="6.758" errors="0" timestamp="2022-04-18T09:14:33 IST" skipped="0">
  <testcase classname="Testng.Frames" name="f" time="6.758"/>
  <system-out/>
</testsuite> <!-- Testng.Frames -->
