<?xml version="1.0" encoding="UTF-8"?>
<!-- Generated by org.testng.reporters.JUnitReportReporter -->
<testsuite hostname="ROSE-JACOB" failures="0" tests="2" name="Testng.Alert" time="23.590" errors="0" timestamp="2022-04-26T13:49:39 IST" skipped="0">
  <testcase classname="Testng.Alert" name="f" time="11.171"/>
  <system-out/>
  <testcase classname="Testng.Alert" name="test2" time="12.419"/>
  <system-out/>
</testsuite> <!-- Testng.Alert -->
