<?xml version="1.0" encoding="UTF-8"?>
<!-- Generated by org.testng.reporters.JUnitReportReporter -->
<testsuite hostname="ROSE-JACOB" failures="0" tests="3" name="Testng.Upload" time="0.706" errors="0" timestamp="2022-05-04T16:53:03 IST" skipped="2">
  <testcase classname="Testng.Upload" name="h" time="0.706"/>
  <system-out/>
  <testcase classname="Testng.Upload" name="f">
    <skipped/>
  </testcase> <!-- f -->
  <system-out/>
  <testcase classname="Testng.Upload" name="g">
    <skipped/>
  </testcase> <!-- g -->
  <system-out/>
</testsuite> <!-- Testng.Upload -->
