<?xml version="1.0" encoding="UTF-8"?>
<!-- Generated by org.testng.reporters.JUnitReportReporter -->
<testsuite hostname="ROSE-JACOB" failures="0" tests="1" name="Runner.CucumberRunner" time="9.413" errors="0" timestamp="2022-05-05T07:47:34 IST" skipped="0">
  <testcase classname="Runner.CucumberRunner" name="runScenario" time="9.413"/>
  <system-out/>
</testsuite> <!-- Runner.CucumberRunner -->
