<?xml version="1.0" encoding="UTF-8"?>
<!-- Generated by org.testng.reporters.JUnitReportReporter -->
<testsuite hostname="ROSE-JACOB" failures="0" tests="1" name="Testng.Checkbox" time="8.461" errors="0" timestamp="2022-04-20T14:43:25 IST" skipped="0">
  <testcase classname="Testng.Checkbox" name="f" time="8.461"/>
  <system-out/>
</testsuite> <!-- Testng.Checkbox -->
