<?xml version="1.0" encoding="UTF-8"?>
<!-- Generated by org.testng.reporters.JUnitReportReporter -->
<testsuite hostname="ROSE-JACOB" failures="0" tests="3" name="Testng.url_verify" time="7.810" errors="0" timestamp="2022-04-16T17:26:22 IST" skipped="0">
  <testcase classname="Testng.url_verify" name="urlverification" time="0.029"/>
  <system-out/>
  <testcase classname="Testng.url_verify" name="showmsg" time="1.315"/>
  <system-out/>
  <testcase classname="Testng.url_verify" name="addition" time="6.466"/>
  <system-out/>
</testsuite> <!-- Testng.url_verify -->
